<?xml version="1.0" encoding="UTF-8"?>
<!-- Generated by org.testng.reporters.JUnitReportReporter -->
<testsuite hostname="DKANERIYA-NB" failures="0" tests="5" name="LoginPageTest" time="21.225" errors="0" timestamp="2024-09-24T16:27:17 IST" skipped="0">
  <testcase classname="LoginPageTest" name="testLoginCombinations" time="3.850">
    <system-out>
      <![CDATA[Test passed: Expected error message displayed: Sorry, your email or password doesn't match our records. Please check that you have entered them correctly<br>
<b><span style='color:green;'>Overall Test Passed for the current data set!</span></b><br>]]>
    </system-out>
  </testcase> <!-- testLoginCombinations -->
  <testcase classname="LoginPageTest" name="testLoginCombinations" time="6.877">
    <system-out>
      <![CDATA[Test passed: Login Successful<br>
<b><span style='color:green;'>Overall Test Passed for the current data set!</span></b><br>]]>
    </system-out>
  </testcase> <!-- testLoginCombinations -->
  <testcase classname="LoginPageTest" name="testEmailFieldErrorMessages" time="2.693">
    <system-out>
      <![CDATA[Test passed: Empty email field error message displayed as expected: This field is required.<br>
Test passed: Empty password field error message displayed as expected: This field is required.<br>
Test passed: Invalid email field error message displayed as expected: Please enter a valid email address.<br>
<b><span style='color:green;'>Overall test passed: Email and password field validation completed successfully.</span></b><br>]]>
    </system-out>
  </testcase> <!-- testEmailFieldErrorMessages -->
  <testcase classname="LoginPageTest" name="testLoginCombinations" time="3.935">
    <system-out>
      <![CDATA[Test passed: Expected error message displayed: Sorry, your email or password doesn't match our records. Please check that you have entered them correctly<br>
<b><span style='color:green;'>Overall Test Passed for the current data set!</span></b><br>]]>
    </system-out>
  </testcase> <!-- testLoginCombinations -->
  <testcase classname="LoginPageTest" name="testLoginCombinations" time="3.870">
    <system-out>
      <![CDATA[Test passed: Expected error message displayed: Sorry, your email or password doesn't match our records. Please check that you have entered them correctly<br>
<b><span style='color:green;'>Overall Test Passed for the current data set!</span></b><br>]]>
    </system-out>
  </testcase> <!-- testLoginCombinations -->
  <system-out>
    <![CDATA[Founded links: <br>
1. https://development.tulipcremation.com/immediate-need.html<br>
<b><span style='color:green;'>Assertion passed</span></b><br>
2. https://development.tulipcremation.com/faqs/faq.html<br>
<b><span style='color:green;'>Assertion passed</span></b><br>
3. https://development.tulipcremation.com/articles/tulip-expert-guides.html<br>
<b><span style='color:green;'>Assertion passed</span></b><br>
4. https://development.tulipcremation.com/contact_us.html<br>
<b><span style='color:green;'>Assertion passed</span></b><br>
5. https://development.tulipcremation.com/pricing.html<br>
<b><span style='color:green;'>Assertion passed</span></b><br>
6. https://www.tulip.joinobit.com/<br>
<b><span style='color:green;'>Assertion passed</span></b><br>
7. https://development.tulipcremation.com/articles/tulip-expert-guides/death-resources/what-is-a-general-price-list-for-cremation-and-funeral-services.html<br>
<b><span style='color:green;'>Assertion passed</span></b><br>
8. https://development.tulipcremation.com/instant-quote/<br>
<b><span style='color:green;'>Assertion passed</span></b><br>
9. https://storefront:fpg2022@development.tulipcremation.com/#<br>
<b><span style='color:green;'>Assertion passed</span></b><br>
10. https://development.tulipcremation.com/imminent-need.html<br>
<b><span style='color:green;'>Assertion passed</span></b><br>
11. tel:8449424909<br>
Skipping assertion for tel link: tel:8449424909<br>
12. https://development.tulipcremation.com/login/<br>
<b><span style='color:green;'>Assertion passed</span></b><br>
13. https://development.tulipcremation.com/our-services.html<br>
<b><span style='color:green;'>Assertion passed</span></b><br>
14. https://development.tulipcremation.com/plan-ahead.html<br>
<b><span style='color:green;'>Assertion passed</span></b><br>
15. https://development.tulipcremation.com/service-areas/service-area.html<br>
<b><span style='color:green;'>Assertion passed</span></b><br>
16. https://development.tulipcremation.com/stories/stories.html<br>
<b><span style='color:green;'>Assertion passed</span></b><br>
17. https://development.tulipcremation.com/<br>
<b><span style='color:green;'>Assertion passed</span></b><br>
18. https://development.tulipcremation.com/articles/tulip-expert-guides/end-of-life-planning/what-is-direct-cremation.html<br>
<b><span style='color:green;'>Assertion passed</span></b><br>
<b><span style='color:green;'>All header links are working as expected. Test passed!</span></b><br>
Test passed: Invalid email message displayed as expected: Please enter a valid email address.<br>
<b><span style='color:green;'>Overall Test Passed!</span></b>
Test passed: Email validation message displayed as expected: This field is required.<br>
<b><span style='color:green;'>Overall Test Passed!</span></b>
Test passed: Email validation message displayed as expected: This field is required.<br>
Test passed: Agreement message displayed as expected: You must accept Privacy and Cookie Policies before subscription.<br>
<b><span style='color:green;'>Overall Test Passed!</span></b>
Founded links: <br>
1. https://development.tulipcremation.com/faqs/faq.html<br>
<b><span style='color:green;'>Assertion passed</span></b><br>
2. https://development.afterall.com/privacy-policy.html<br>
<b><span style='color:green;'>Assertion passed</span></b><br>
3. https://development.tulipcremation.com/articles/tulip-expert-guides.html<br>
<b><span style='color:green;'>Assertion passed</span></b><br>
4. https://development.tulipcremation.com/pricing.html<br>
<b><span style='color:green;'>Assertion passed</span></b><br>
5. mailto:care@tulipcremation.com<br>
Skipping assertion for mail link: mailto:care@tulipcremation.com<br>
6. https://development.afterall.com/help-center/customer-service/terms-and-conditions/terms-of-use.html<br>
<b><span style='color:green;'>Assertion passed</span></b><br>
7. https://search.dca.ca.gov/details/4800/FD/2467/933fc0f99744d220b7f83d7255868285<br>
<b><span style='color:green;'>Assertion passed</span></b><br>
8. https://development.tulipcremation.com/articles/tulip-expert-guides/tulip-care-professionals.html<br>
<b><span style='color:green;'>Assertion passed</span></b><br>
9. https://search.dca.ca.gov/details/4800/FD/2322/71bccc311f3e56ccd0160ac553aecf18<br>
<b><span style='color:green;'>Assertion passed</span></b><br>
10. tel:8449424909<br>
Skipping assertion for tel link: tel:8449424909<br>
11. https://www.facebook.com/tulipcremation<br>
<b><span style='color:green;'>Assertion passed</span></b><br>
12. https://development.tulipcremation.com/our-services.html<br>
<b><span style='color:green;'>Assertion passed</span></b><br>
13. https://development.tulipcremation.com/service-areas/service-area.html<br>
<b><span style='color:green;'>Assertion passed</span></b><br>
14. https://development.tulipcremation.com/our-story.html<br>
<b><span style='color:green;'>Assertion passed</span></b><br>
15. https://development.tulipcremation.com/general-price-lists.html<br>
<b><span style='color:green;'>Assertion passed</span></b><br>
<b><span style='color:green;'>All footer links are working as expected. Test passed!</span></b><br>
Test passed: Subscription success message displayed as expected: Thanks for signing up!<br>
<b><span style='color:green;'>Overall Test Passed!</span></b>
Test passed: Empty email field error message displayed as expected: This field is required.<br>
Test passed: Empty password field error message displayed as expected: This field is required.<br>
Test passed: Invalid email field error message displayed as expected: Please enter a valid email address.<br>
<b><span style='color:green;'>Overall test passed: Email and password field validation completed successfully.</span></b><br>
Test passed: Expected error message displayed: Sorry, your email or password doesn't match our records. Please check that you have entered them correctly<br>
<b><span style='color:green;'>Overall Test Passed for the current data set!</span></b><br>
Test passed: Expected error message displayed: Sorry, your email or password doesn't match our records. Please check that you have entered them correctly<br>
<b><span style='color:green;'>Overall Test Passed for the current data set!</span></b><br>
Test passed: Expected error message displayed: Sorry, your email or password doesn't match our records. Please check that you have entered them correctly<br>
<b><span style='color:green;'>Overall Test Passed for the current data set!</span></b><br>
Test passed: Login Successful<br>
<b><span style='color:green;'>Overall Test Passed for the current data set!</span></b><br>]]>
  </system-out>
</testsuite> <!-- LoginPageTest -->
